Arguments: 
  D:\nodejs\node.exe D:\Yarn\bin\yarn.js add @parcel/compressor-brotli --dev

PATH: 
  C:\Program Files\Oculus\Support\oculus-runtime;C:\Program Files (x86)\Common Files\Intel\Shared Libraries\redist\intel64_win\compiler;C:\Python27\;C:\Python27\Scripts;C:\Program Files (x86)\Common Files\Intel\Shared Libraries\redist\intel64_win\compiler;C:\Program Files (x86)\Common Files\Intel\Shared Libraries\redist\intel64\compiler;C:\Windows\system32;C:\Windows;C:\Windows\System32\Wbem;C:\Windows\System32\WindowsPowerShell\v1.0\;C:\Windows\System32\OpenSSH\;C:\WINDOWS\system32;C:\WINDOWS;C:\WINDOWS\System32\Wbem;C:\WINDOWS\System32\WindowsPowerShell\v1.0\;C:\WINDOWS\System32\OpenSSH\;C:\Program Files (x86)\Intel\Intel(R) Management Engine Components\DAL;C:\Program Files\Intel\Intel(R) Management Engine Components\DAL;D:\Git\cmd;D:\heroku\bin;C:\Program Files (x86)\NVIDIA Corporation\PhysX\Common;C:\Program Files\NVIDIA Corporation\NVIDIA NvDLISR;C:\ProgramData\chocolatey\bin;C:\WINDOWS\system32;C:\WINDOWS;C:\WINDOWS\System32\Wbem;C:\WINDOWS\System32\WindowsPowerShell\v1.0\;C:\WINDOWS\System32\OpenSSH\;D:\Yarn\bin\;D:\Flutter\bin\;D:\nodejs\;C:\Users\Home\AppData\Roaming\npm\node_modules;D:\nodejs;D:\FontForgeBuilds\bin;C:\Users\Home\AppData\Local\Microsoft\WindowsApps;D:\heroku\bin;D:\IntelliJ IDEA 2019.2.3\bin;;C:\Program Files\JetBrains\PhpStorm 2019.3.3\bin;;d:\Microsoft VS Code\bin;C:\Users\Home\AppData\Local\Yarn\bin;D:\Flutter\bin\;C:\Users\Home\AppData\Roaming\npm

Yarn version: 
  1.22.5

Node version: 
  14.17.5

Platform: 
  win32 x64

Trace: 
  Error: https://registry.yarnpkg.com/@parcel%2fcompressor-brotli: Not found
      at Request.params.callback [as _callback] (D:\Yarn\lib\cli.js:66097:18)
      at Request.self.callback (D:\Yarn\lib\cli.js:140749:22)
      at Request.emit (events.js:400:28)
      at Request.<anonymous> (D:\Yarn\lib\cli.js:141721:10)
      at Request.emit (events.js:400:28)
      at IncomingMessage.<anonymous> (D:\Yarn\lib\cli.js:141643:12)
      at Object.onceWrapper (events.js:519:28)
      at IncomingMessage.emit (events.js:412:35)
      at endReadableNT (internal/streams/readable.js:1317:12)
      at processTicksAndRejections (internal/process/task_queues.js:82:21)

npm manifest: 
  {
    "name": "three-js-journey",
    "version": "1.0.0",
    "description": "",
    "scripts": {
      "dev": "parcel index.html --no-cache",
      "build": "parcel build index.html --no-source-maps --public-url ./"
    },
    "keywords": [],
    "author": "",
    "license": "ISC",
    "dependencies": {
      "gsap": "^3.7.1",
      "three": "^0.127.0",
      "tweakpane": "^3.0.5"
    },
    "devDependencies": {
      "@parcel/transformer-glsl": "^2.0.0-rc.0",
      "@parcel/transformer-image": "^2.0.0-rc.0",
      "cssnano": "^5.0.8",
      "glslify-bundle": "^5.1.1",
      "glslify-deps": "^1.3.2",
      "parcel": "^2.0.0-rc.0",
      "parcel-reporter-static-files-copy": "^1.3.0",
      "postcss": "^8.3.6"
    }
  }

yarn manifest: 
  No manifest

Lockfile: 
  No lockfile
